1528423607356	geckodriver	INFO	geckodriver 0.20.1
1528423607378	geckodriver	INFO	Listening on 127.0.0.1:56200
1528423610393	mozrunner::runner	INFO	Running command: "D:\\Mozilla Firefox\\firefox.exe" "-marionette" "-profile" "C:\\Users\\Jamable\\AppData\\Local\\Temp\\rust_mozprofile.hWtX2d0IP6YE"
Unable to read VR Path Registry from C:\Users\Jamable\AppData\Local\openvr\openvrpaths.vrpath
Unable to read VR Path Registry from C:\Users\Jamable\AppData\Local\openvr\openvrpaths.vrpath
Unable to read VR Path Registry from C:\Users\Jamable\AppData\Local\openvr\openvrpaths.vrpath
Unable to read VR Path Registry from C:\Users\Jamable\AppData\Local\openvr\openvrpaths.vrpath
1528423613989	Marionette	INFO	Listening on port 56208
1528423614126	Marionette	WARN	TLS certificate errors will be ignored for this session
Unable to read VR Path Registry from C:\Users\Jamable\AppData\Local\openvr\openvrpaths.vrpath
1528423643569	geckodriver	INFO	geckodriver 0.20.1
1528423643593	geckodriver	INFO	Listening on 127.0.0.1:56297
1528423646589	mozrunner::runner	INFO	Running command: "D:\\Mozilla Firefox\\firefox.exe" "-marionette" "-profile" "C:\\Users\\Jamable\\AppData\\Local\\Temp\\rust_mozprofile.VkSgEXA2BIyy"
Unable to read VR Path Registry from C:\Users\Jamable\AppData\Local\openvr\openvrpaths.vrpath
Unable to read VR Path Registry from C:\Users\Jamable\AppData\Local\openvr\openvrpaths.vrpath
Unable to read VR Path Registry from C:\Users\Jamable\AppData\Local\openvr\openvrpaths.vrpath
Unable to read VR Path Registry from C:\Users\Jamable\AppData\Local\openvr\openvrpaths.vrpath
1528423650087	Marionette	INFO	Listening on port 56305
1528423650354	Marionette	WARN	TLS certificate errors will be ignored for this session
Unable to read VR Path Registry from C:\Users\Jamable\AppData\Local\openvr\openvrpaths.vrpath
[Parent 12472, Gecko_IOThread] WARNING: pipe error: 109: file z:/build/build/src/ipc/chromium/src/chrome/common/ipc_channel_win.cc, line 346
[Child 7260, Chrome_ChildThread] WARNING: pipe error: 109: file z:/build/build/src/ipc/chromium/src/chrome/common/ipc_channel_win.cc, line 346
[Child 7260, Chrome_Chi[Parent 12472, Gecko_IOThread] WARNING: pipe error: 109: file z:/build/build/src/ipc/chromium/src/chrome/common/ipc_channel_win.cc, line 346
[Child 15232, Chrome_ChildThread] WARNING: pipe error: 109: file z:/build/build/src/ipc/chromium/src/chrome/common/ipc_channel_win.cc, line 346
[Parent 12472, Gecko_IOThread] WARNING: pipe error: 109: file z:/build/build/src/ipc/chromium/src/chrome/common/ipc_channel_win.cc, line 346

###!!! [Child][MessageChannel::SendAndWait] Error: Channel error: cannot send/recv

to read VR Path Registry from C:\Users\Jamable\AppData\Local\openvr\openvrpaths.vrpath
IPDL protocol error: Handler returned error code!

###!!! [Parent][DispatchAsyncMessage] Error: PLayerTransaction::Msg_ReleaseLayer Processing error: message was deserialized, but the handler returned false (indicating failure)

[Parent 10224, Gecko_IOThread] WARNING: pipe error: 109: file z:/build/build/src/ipc/chromium/src/chrome/common/ipc_channel_win.cc, line 346
[Child 21344, Chrome_ChildThread] WARNING: pipe error: 109: file z:/build/build/src/ipc/chromium/src/chrome/common/ipc_channel_win.cc, line 346
[Child 21344, Chrome_ChildThrea[Parent 10224, Gecko_IOThread] WARNING: pipe error: 109: file z:/build/build/src/ipc/chromium/src/chrome/common/ipc_channel_win.cc, line 346
*** UTM:SVC TimerManager:registerTimer called after profile-before-change notification. Ignoring timer registration for id: telemetry_modules_ping

###!!! [Child][MessageChannel::SendAndWait] Error: Channel error: cannot send/recv

1528424506134	geckodriver	INFO	geckodriver 0.20.1
1528424506148	geckodriver	INFO	Listening on 127.0.0.1:62102
1528424509186	mozrunner::runner	INFO	Running command: "D:\\Mozilla Firefox\\firefox.exe" "-marionette" "-profile" "C:\\Users\\Jamable\\AppData\\Local\\Temp\\rust_mozprofile.syRHQtgdEvOD"
Unable to read VR Path Registry from C:\Users\Jamable\AppData\Local\openvr\openvrpaths.vrpath
Unable to read VR Path Registry from C:\Users\Jamable\AppData\Local\openvr\openvrpaths.vrpath
Unable to read VR Path Registry from C:\Users\Jamable\AppData\Local\openvr\openvrpaths.vrpath
Unable to read VR Path Registry from C:\Users\Jamable\AppData\Local\openvr\openvrpaths.vrpath
1528424513001	Marionette	INFO	Listening on port 62110
1528424513442	Marionette	WARN	TLS certificate errors will be ignored for this session
Unable to read VR Path Registry from C:\Users\Jamable\AppData\Local\openvr\openvrpaths.vrpath
1528424539896	geckodriver	INFO	geckodriver 0.20.1
1528424539911	geckodriver	INFO	Listening on 127.0.0.1:62189
1528424542954	mozrunner::runner	INFO	Running command: "D:\\Mozilla Firefox\\firefox.exe" "-marionette" "-profile" "C:\\Users\\Jamable\\AppData\\Local\\Temp\\rust_mozprofile.VXqMEaPFKTWD"
Unable to read VR Path Registry from C:\Users\Jamable\AppData\Local\openvr\openvrpaths.vrpath
Unable to read VR Path Registry from C:\Users\Jamable\AppData\Local\openvr\openvrpaths.vrpath
Unable to read VR Path Registry from C:\Users\Jamable\AppData\Local\openvr\openvrpaths.vrpath
Unable to read VR Path Registry from C:\Users\Jamable\AppData\Local\openvr\openvrpaths.vrpath
1528424546526	Marionette	INFO	Listening on port 62197
1528424546720	Marionette	WARN	TLS certificate errors will be ignored for this session
Unable to read VR Path Registry from C:\Users\Jamable\AppData\Local\openvr\openvrpaths.vrpath
console.warn: "Got a mutation for an unexpected actor: server1.conn0.child1/domnode31, please file a bug on bugzilla.mozilla.org!"
console.trace: 
resource://devtools/shared/base-loader.js -> resource://devtools/shared/fronts/inspector.js 309 WalkerFront<.getMutations</<
resource://gre/modules/Promise.jsm -> resource://gre/modules/Promise-backend.js 928 process
resource://gre/modules/Promise.jsm -> resource://gre/modules/Promise-backend.js 812 walkerLoop
resource://gre/modules/Promise.jsm -> resource://gre/modules/Promise-backend.js 748 scheduleWalkerLoop/<
console.warn: "Got a mutation for an unexpected actor: server1.conn0.child1/domnode31, please file a bug on bugzilla.mozilla.org!"
console.trace: 
resource://devtools/shared/base-loader.js -> resource://devtools/shared/fronts/inspector.js 309 WalkerFront<.getMutations</<
resource://gre/modules/Promise.jsm -> resource://gre/modules/Promise-backend.js 928 process
resource://gre/modules/Promise.jsm -> resource://gre/modules/Promise-backend.js 812 walkerLoop
resource://gre/modules/Promise.jsm -> resource://gre/modules/Promise-backend.js 748 scheduleWalkerLoop/<
console.warn: "Got a mutation for an unexpected actor: server1.conn0.child1/domnode31, please file a bug on bugzilla.mozilla.org!"
console.trace: 
resource://devtools/shared/base-loader.js -> resource://devtools/shared/fronts/inspector.js 309 WalkerFront<.getMutations</<
resource://gre/modules/Promise.jsm -> resource://gre/modules/Promise-backend.js 928 process
resource://gre/modules/Promise.jsm -> resource://gre/modules/Promise-backend.js 812 walkerLoop
resource://gre/modules/Promise.jsm -> resource://gre/modules/Promise-backend.js 748 scheduleWalkerLoop/<
console.warn: "Got a mutation for an unexpected actor: server1.conn0.child1/domnode31, please file a bug on bugzilla.mozilla.org!"
console.trace: 
resource://devtools/shared/base-loader.js -> resource://devtools/shared/fronts/inspector.js 309 WalkerFront<.getMutations</<
resource://gre/modules/Promise.jsm -> resource://gre/modules/Promise-backend.js 928 process
resource://gre/modules/Promise.jsm -> resource://gre/modules/Promise-backend.js 812 walkerLoop
resource://gre/modules/Promise.jsm -> resource://gre/modules/Promise-backend.js 748 scheduleWalkerLoop/<
console.warn: "Got a mutation for an unexpected actor: server1.conn0.child1/domnode31, please file a bug on bugzilla.mozilla.org!"
console.trace: 
resource://devtools/shared/base-loader.js -> resource://devtools/shared/fronts/inspector.js 309 WalkerFront<.getMutations</<
resource://gre/modules/Promise.jsm -> resource://gre/modules/Promise-backend.js 928 process
resource://gre/modules/Promise.jsm -> resource://gre/modules/Promise-backend.js 812 walkerLoop
resource://gre/modules/Promise.jsm -> resource://gre/modules/Promise-backend.js 748 scheduleWalkerLoop/<
console.warn: "Got a mutation for an unexpected actor: server1.conn0.child1/domnode31, please file a bug on bugzilla.mozilla.org!"
console.trace: 
resource://devtools/shared/base-loader.js -> resource://devtools/shared/fronts/inspector.js 309 WalkerFront<.getMutations</<
resource://gre/modules/Promise.jsm -> resource://gre/modules/Promise-backend.js 928 process
resource://gre/modules/Promise.jsm -> resource://gre/modules/Promise-backend.js 812 walkerLoop
resource://gre/modules/Promise.jsm -> resource://gre/modules/Promise-backend.js 748 scheduleWalkerLoop/<
console.warn: "Got a mutation for an unexpected actor: server1.conn0.child1/domnode31, please file a bug on bugzilla.mozilla.org!"
console.trace: 
resource://devtools/shared/base-loader.js -> resource://devtools/shared/fronts/inspector.js 309 WalkerFront<.getMutations</<
resource://gre/modules/Promise.jsm -> resource://gre/modules/Promise-backend.js 928 process
resource://gre/modules/Promise.jsm -> resource://gre/modules/Promise-backend.js 812 walkerLoop
resource://gre/modules/Promise.jsm -> resource://gre/modules/Promise-backend.js 748 scheduleWalkerLoop/<
console.warn: "Got a mutation for an unexpected actor: server1.conn0.child1/domnode31, please file a bug on bugzilla.mozilla.org!"
console.trace: 
resource://devtools/shared/base-loader.js -> resource://devtools/shared/fronts/inspector.js 309 WalkerFront<.getMutations</<
resource://gre/modules/Promise.jsm -> resource://gre/modules/Promise-backend.js 928 process
resource://gre/modules/Promise.jsm -> resource://gre/modules/Promise-backend.js 812 walkerLoop
resource://gre/modules/Promise.jsm -> resource://gre/modules/Promise-backend.js 748 scheduleWalkerLoop/<
console.warn: "Got a mutation for an unexpected actor: server1.conn0.child1/domnode31, please file a bug on bugzilla.mozilla.org!"
console.trace: 
resource://devtools/shared/base-loader.js -> resource://devtools/shared/fronts/inspector.js 309 WalkerFront<.getMutations</<
resource://gre/modules/Promise.jsm -> resource://gre/modules/Promise-backend.js 928 process
resource://gre/modules/Promise.jsm -> resource://gre/modules/Promise-backend.js 812 walkerLoop
resource://gre/modules/Promise.jsm -> resource://gre/modules/Promise-backend.js 748 scheduleWalkerLoop/<
console.warn: "Got a mutation for an unexpected actor: server1.conn0.child1/domnode31, please file a bug on bugzilla.mozilla.org!"
console.trace: 
resource://devtools/shared/base-loader.js -> resource://devtools/shared/fronts/inspector.js 309 WalkerFront<.getMutations</<
resource://gre/modules/Promise.jsm -> resource://gre/modules/Promise-backend.js 928 process
resource://gre/modules/Promise.jsm -> resource://gre/modules/Promise-backend.js 812 walkerLoop
resource://gre/modules/Promise.jsm -> resource://gre/modules/Promise-backend.js 748 scheduleWalkerLoop/<
console.warn: "Got a mutation for an unexpected actor: server1.conn0.child1/domnode148, please file a bug on bugzilla.mozilla.org!"
console.trace: 
resource://devtools/shared/base-loader.js -> resource://devtools/shared/fronts/inspector.js 309 WalkerFront<.getMutations</<
resource://gre/modules/Promise.jsm -> resource://gre/modules/Promise-backend.js 928 process
resource://gre/modules/Promise.jsm -> resource://gre/modules/Promise-backend.js 812 walkerLoop
resource://gre/modules/Promise.jsm -> resource://gre/modules/Promise-backend.js 748 scheduleWalkerLoop/<
console.warn: "Got a mutation for an unexpected actor: server1.conn0.child1/domnode148, please file a bug on bugzilla.mozilla.org!"
console.trace: 
resource://devtools/shared/base-loader.js -> resource://devtools/shared/fronts/inspector.js 309 WalkerFront<.getMutations</<
resource://gre/modules/Promise.jsm -> resource://gre/modules/Promise-backend.js 928 process
resource://gre/modules/Promise.jsm -> resource://gre/modules/Promise-backend.js 812 walkerLoop
resource://gre/modules/Promise.jsm -> resource://gre/modules/Promise-backend.js 748 scheduleWalkerLoop/<
console.warn: "Got a mutation for an unexpected actor: server1.conn0.child1/domnode148, please file a bug on bugzilla.mozilla.org!"
console.trace: 
resource://devtools/shared/base-loader.js -> resource://devtools/shared/fronts/inspector.js 309 WalkerFront<.getMutations</<
resource://gre/modules/Promise.jsm -> resource://gre/modules/Promise-backend.js 928 process
resource://gre/modules/Promise.jsm -> resource://gre/modules/Promise-backend.js 812 walkerLoop
resource://gre/modules/Promise.jsm -> resource://gre/modules/Promise-backend.js 748 scheduleWalkerLoop/<
console.warn: "Got a mutation for an unexpected actor: server1.conn0.child1/domnode148, please file a bug on bugzilla.mozilla.org!"
console.trace: 
resource://devtools/shared/base-loader.js -> resource://devtools/shared/fronts/inspector.js 309 WalkerFront<.getMutations</<
resource://gre/modules/Promise.jsm -> resource://gre/modules/Promise-backend.js 928 process
resource://gre/modules/Promise.jsm -> resource://gre/modules/Promise-backend.js 812 walkerLoop
resource://gre/modules/Promise.jsm -> resource://gre/modules/Promise-backend.js 748 scheduleWalkerLoop/<
console.warn: "Got a mutation for an unexpected actor: server1.conn0.child1/domnode148, please file a bug on bugzilla.mozilla.org!"
console.trace: 
resource://devtools/shared/base-loader.js -> resource://devtools/shared/fronts/inspector.js 309 WalkerFront<.getMutations</<
resource://gre/modules/Promise.jsm -> resource://gre/modules/Promise-backend.js 928 process
resource://gre/modules/Promise.jsm -> resource://gre/modules/Promise-backend.js 812 walkerLoop
resource://gre/modules/Promise.jsm -> resource://gre/modules/Promise-backend.js 748 scheduleWalkerLoop/<
console.warn: "Got a mutation for an unexpected actor: server1.conn0.child1/domnode148, please file a bug on bugzilla.mozilla.org!"
console.trace: 
resource://devtools/shared/base-loader.js -> resource://devtools/shared/fronts/inspector.js 309 WalkerFront<.getMutations</<
resource://gre/modules/Promise.jsm -> resource://gre/modules/Promise-backend.js 928 process
resource://gre/modules/Promise.jsm -> resource://gre/modules/Promise-backend.js 812 walkerLoop
resource://gre/modules/Promise.jsm -> resource://gre/modules/Promise-backend.js 748 scheduleWalkerLoop/<
console.warn: "Got a mutation for an unexpected actor: server1.conn0.child1/domnode148, please file a bug on bugzilla.mozilla.org!"
console.trace: 
resource://devtools/shared/base-loader.js -> resource://devtools/shared/fronts/inspector.js 309 WalkerFront<.getMutations</<
resource://gre/modules/Promise.jsm -> resource://gre/modules/Promise-backend.js 928 process
resource://gre/modules/Promise.jsm -> resource://gre/modules/Promise-backend.js 812 walkerLoop
resource://gre/modules/Promise.jsm -> resource://gre/modules/Promise-backend.js 748 scheduleWalkerLoop/<
console.warn: "Got a mutation for an unexpected actor: server1.conn0.child1/domnode148, please file a bug on bugzilla.mozilla.org!"
console.trace: 
resource://devtools/shared/base-loader.js -> resource://devtools/shared/fronts/inspector.js 309 WalkerFront<.getMutations</<
resource://gre/modules/Promise.jsm -> resource://gre/modules/Promise-backend.js 928 process
resource://gre/modules/Promise.jsm -> resource://gre/modules/Promise-backend.js 812 walkerLoop
resource://gre/modules/Promise.jsm -> resource://gre/modules/Promise-backend.js 748 scheduleWalkerLoop/<
console.warn: "Got a mutation for an unexpected actor: server1.conn0.child1/domnode148, please file a bug on bugzilla.mozilla.org!"
console.trace: 
resource://devtools/shared/base-loader.js -> resource://devtools/shared/fronts/inspector.js 309 WalkerFront<.getMutations</<
resource://gre/modules/Promise.jsm -> resource://gre/modules/Promise-backend.js 928 process
resource://gre/modules/Promise.jsm -> resource://gre/modules/Promise-backend.js 812 walkerLoop
resource://gre/modules/Promise.jsm -> resource://gre/modules/Promise-backend.js 748 scheduleWalkerLoop/<
console.warn: "Got a mutation for an unexpected actor: server1.conn0.child1/domnode148, please file a bug on bugzilla.mozilla.org!"
console.trace: 
resource://devtools/shared/base-loader.js -> resource://devtools/shared/fronts/inspector.js 309 WalkerFront<.getMutations</<
resource://gre/modules/Promise.jsm -> resource://gre/modules/Promise-backend.js 928 process
resource://gre/modules/Promise.jsm -> resource://gre/modules/Promise-backend.js 812 walkerLoop
resource://gre/modules/Promise.jsm -> resource://gre/modules/Promise-backend.js 748 scheduleWalkerLoop/<
1528425229881	geckodriver	INFO	geckodriver 0.20.1
1528425229903	geckodriver	INFO	Listening on 127.0.0.1:64842
1528425232911	mozrunner::runner	INFO	Running command: "D:\\Mozilla Firefox\\firefox.exe" "-marionette" "-profile" "C:\\Users\\Jamable\\AppData\\Local\\Temp\\rust_mozprofile.HKTjvlJrDcCb"
Unable to read VR Path Registry from C:\Users\Jamable\AppData\Local\openvr\openvrpaths.vrpath
Unable to read VR Path Registry from C:\Users\Jamable\AppData\Local\openvr\openvrpaths.vrpath
Unable to read VR Path Registry from C:\Users\Jamable\AppData\Local\openvr\openvrpaths.vrpath
Unable to read VR Path Registry from C:\Users\Jamable\AppData\Local\openvr\openvrpaths.vrpath
1528425236847	Marionette	INFO	Listening on port 64850
1528425237230	Marionette	WARN	TLS certificate errors will be ignored for this session
Unable to read VR Path Registry from C:\Users\Jamable\AppData\Local\openvr\openvrpaths.vrpath
[Parent 19920, Gecko_IOThread] WARNING: pipe error: 109: file z:/build/build/src/ipc/chromium/src/chrome/common/ipc_channel_win.cc, line 346
[Parent 19920, Gecko_IOThread] WARNING: pipe error: 109: file z:/build/build/src/ipc/chromium/src/chrome/common/ipc_channel_win.cc, line 346
[Child 18076, Chrome_ChildThread] WARNING: pipe error: 109: file z:/build/build/src/ipc/chromium/src/chrome/common/ipc_channel_win.cc, line 346
[Child 18076, Chrome_ChildThread] WARNING: pipe error: 109: file z:/build/build/src/ipc/chromium/src/chrome/common/ipc_channel_win.cc, line 346
[Child 20224, Chrome_ChildThread] WARNING: pipe error: 109: file z:/build/build/src/ipc/chromium/src/chrome/common/ipc_channel_win.cc, line 346
[Child 20224, [Parent 19920, Gecko_IOThread] WARNING: pipe error: 109: file z:/build/build/src/ipc/chromium/src/chrome/common/ipc_channel_win.cc, line 346

###!!! [Child][MessageChannel::SendAndWait] Error: Channel error: cannot send/recv

r: 109: file z:/build/build/src/ipc/chromium/src/chrome/common/ipc_channel_win.cc, line 346
[Child 4956, Chrome_ChildThread] WARNING: pipe error: 109: file z:/build/build/src/ipc/chromium/src/chrome/common/ipc_channel_win.cc, line 346
[Child 4956[Parent 18012, Gecko_IOThread] WARNING: pipe error: 109: file z:/build/build/src/ipc/chromium/src/chrome/common/ipc_channel_win.cc, line 346
[Child 20656, Chrome_ChildThread] WARNING: pipe error: 109: file z:/build/build/src/ipc/chromium/src/chrome/common/ipc_channel_win.cc, line 346
[Child 20656, C
###!!! [Child][RunMessage] Error: Channel closing: too late to send/recv, messages will be lost

*** UTM:SVC TimerManager:registerTimer called after profile-before-change notification. Ignoring timer registration for id: telemetry_modules_ping

###!!! [Child][MessageChannel::SendAndWait] Error: Channel error: cannot send/recv

1528425498698	geckodriver	INFO	geckodriver 0.20.1
1528425498727	geckodriver	INFO	Listening on 127.0.0.1:65339
1528425501746	mozrunner::runner	INFO	Running command: "D:\\Mozilla Firefox\\firefox.exe" "-marionette" "-profile" "C:\\Users\\Jamable\\AppData\\Local\\Temp\\rust_mozprofile.eC8FRXi2MOCg"
Unable to read VR Path Registry from C:\Users\Jamable\AppData\Local\openvr\openvrpaths.vrpath
Unable to read VR Path Registry from C:\Users\Jamable\AppData\Local\openvr\openvrpaths.vrpath
Unable to read VR Path Registry from C:\Users\Jamable\AppData\Local\openvr\openvrpaths.vrpath
Unable to read VR Path Registry from C:\Users\Jamable\AppData\Local\openvr\openvrpaths.vrpath
1528425505294	Marionette	INFO	Listening on port 65349
1528425505522	Marionette	WARN	TLS certificate errors will be ignored for this session
Unable to read VR Path Registry from C:\Users\Jamable\AppData\Local\openvr\openvrpaths.vrpath
1528425535734	geckodriver	INFO	geckodriver 0.20.1
1528425535748	geckodriver	INFO	Listening on 127.0.0.1:65407
1528425538785	mozrunner::runner	INFO	Running command: "D:\\Mozilla Firefox\\firefox.exe" "-marionette" "-profile" "C:\\Users\\Jamable\\AppData\\Local\\Temp\\rust_mozprofile.S3MQCG5tfyvm"
Unable to read VR Path Registry from C:\Users\Jamable\AppData\Local\openvr\openvrpaths.vrpath
Unable to read VR Path Registry from C:\Users\Jamable\AppData\Local\openvr\openvrpaths.vrpath
Unable to read VR Path Registry from C:\Users\Jamable\AppData\Local\openvr\openvrpaths.vrpath
Unable to read VR Path Registry from C:\Users\Jamable\AppData\Local\openvr\openvrpaths.vrpath
1528425542914	Marionette	INFO	Listening on port 65415
1528425543084	Marionette	WARN	TLS certificate errors will be ignored for this session
Unable to read VR Path Registry from C:\Users\Jamable\AppData\Local\openvr\openvrpaths.vrpath
1528425566396	geckodriver	INFO	geckodriver 0.20.1
1528425566424	geckodriver	INFO	Listening on 127.0.0.1:65484
1528425569508	mozrunner::runner	INFO	Running command: "D:\\Mozilla Firefox\\firefox.exe" "-marionette" "-profile" "C:\\Users\\Jamable\\AppData\\Local\\Temp\\rust_mozprofile.0geaM2Vnkq3S"
Unable to read VR Path Registry from C:\Users\Jamable\AppData\Local\openvr\openvrpaths.vrpath
Unable to read VR Path Registry from C:\Users\Jamable\AppData\Local\openvr\openvrpaths.vrpath
Unable to read VR Path Registry from C:\Users\Jamable\AppData\Local\openvr\openvrpaths.vrpath
Unable to read VR Path Registry from C:\Users\Jamable\AppData\Local\openvr\openvrpaths.vrpath
1528425573621	Marionette	INFO	Listening on port 65492
1528425573860	Marionette	WARN	TLS certificate errors will be ignored for this session
Unable to read VR Path Registry from C:\Users\Jamable\AppData\Local\openvr\openvrpaths.vrpath
1528425601224	geckodriver	INFO	geckodriver 0.20.1
1528425601248	geckodriver	INFO	Listening on 127.0.0.1:49180
1528425604259	mozrunner::runner	INFO	Running command: "D:\\Mozilla Firefox\\firefox.exe" "-marionette" "-profile" "C:\\Users\\Jamable\\AppData\\Local\\Temp\\rust_mozprofile.EETz1eJZd4pW"
Unable to read VR Path Registry from C:\Users\Jamable\AppData\Local\openvr\openvrpaths.vrpath
Unable to read VR Path Registry from C:\Users\Jamable\AppData\Local\openvr\openvrpaths.vrpath
Unable to read VR Path Registry from C:\Users\Jamable\AppData\Local\openvr\openvrpaths.vrpath
Unable to read VR Path Registry from C:\Users\Jamable\AppData\Local\openvr\openvrpaths.vrpath
1528425608442	Marionette	INFO	Listening on port 49188
1528425608587	Marionette	WARN	TLS certificate errors will be ignored for this session
Unable to read VR Path Registry from C:\Users\Jamable\AppData\Local\openvr\openvrpaths.vrpath
[Parent 9912, Gecko_IOThread] WARNING: pipe error: 109: file z:/build/build/src/ipc/chromium/src/chrome/common/ipc_channel_win.cc, line 346
[Child 16980, Chrome_ChildThread] WARNING: pipe error: 109: file z:/build/build/src/ipc/chromium/src/chrome/common/ipc_channel_win.cc, line 346
[Child 16980, Chrome_ChildThread] WARNING: pipe err[Parent 9912, Gecko_IOThread] WARNING: pipe error: 109: file z:/build/build/src/ipc/chromium/src/chrome/common/ipc_channel_win.cc, line 346
[Child 6464, Chrome_ChildTh
###!!! [Child][MessageChannel::SendAndWait] Error: Channel error: cannot send/recv

